2024-09-21 18:37:51.229 [info] [main] Log level: Info
2024-09-21 18:37:51.229 [info] [main] Validating found git in: "git"
2024-09-21 18:37:51.229 [info] [main] Using git "2.40.1" from "git"
2024-09-21 18:37:51.229 [info] [Model][doInitialScan] Initial repository scan started
2024-09-21 18:37:51.229 [info] > git rev-parse --show-toplevel [16ms]
2024-09-21 18:37:51.229 [info] > git rev-parse --git-dir --git-common-dir [9ms]
2024-09-21 18:37:51.229 [info] [Model][openRepository] Opened repository: /home/ec2-user
2024-09-21 18:37:51.229 [info] > git config --get commit.template [16ms]
2024-09-21 18:37:51.229 [info] > git rev-parse --show-toplevel [16ms]
2024-09-21 18:37:51.229 [info] > git for-each-ref --format=%(refname)%00%(upstream:short)%00%(objectname)%00%(upstream:track)%00%(upstream:remotename)%00%(upstream:remoteref) refs/heads/lab02_s3_final_complete refs/remotes/lab02_s3_final_complete [9ms]
2024-09-21 18:37:51.229 [info] > git rev-parse --show-toplevel [22ms]
2024-09-21 18:37:51.362 [info] > git status -z -uall [147ms]
2024-09-21 18:37:51.362 [info] > git rev-parse --show-toplevel [113ms]
2024-09-21 18:37:51.481 [info] > git for-each-ref --format=%(refname)%00%(upstream:short)%00%(objectname)%00%(upstream:track)%00%(upstream:remotename)%00%(upstream:remoteref) refs/heads/lab02_s3_final_complete refs/remotes/lab02_s3_final_complete [65ms]
2024-09-21 18:37:51.485 [info] > git rev-parse --show-toplevel [115ms]
2024-09-21 18:37:51.485 [info] > git fetch [325ms]
2024-09-21 18:37:51.490 [info] > git config --local branch.lab02_s3_final_complete.vscode-merge-base [6ms]
2024-09-21 18:37:51.491 [warning] [Git][config] git config failed: Failed to execute git
2024-09-21 18:37:51.493 [info] > git config --get commit.template [15ms]
2024-09-21 18:37:51.494 [info] > git config --get commit.template [5ms]
2024-09-21 18:37:51.495 [info] > git rev-parse --show-toplevel [7ms]
2024-09-21 18:37:51.512 [info] > git for-each-ref --format=%(refname)%00%(upstream:short)%00%(objectname)%00%(upstream:track)%00%(upstream:remotename)%00%(upstream:remoteref) refs/heads/lab02_s3_final_complete refs/remotes/lab02_s3_final_complete [13ms]
2024-09-21 18:37:51.513 [info] > git reflog lab02_s3_final_complete --grep-reflog=branch: Created from *. [20ms]
2024-09-21 18:37:51.727 [info] > git for-each-ref --format=%(refname)%00%(upstream:short)%00%(objectname)%00%(upstream:track)%00%(upstream:remotename)%00%(upstream:remoteref) refs/heads/main refs/remotes/main [211ms]
2024-09-21 18:37:51.729 [info] > git for-each-ref --format=%(refname)%00%(upstream:short)%00%(objectname)%00%(upstream:track)%00%(upstream:remotename)%00%(upstream:remoteref) refs/heads/lab02_s3_final_complete refs/remotes/lab02_s3_final_complete [217ms]
2024-09-21 18:37:51.732 [info] > git rev-parse --show-toplevel [223ms]
2024-09-21 18:37:51.742 [info] > git check-ignore -v -z --stdin [3ms]
2024-09-21 18:37:51.743 [info] > git for-each-ref --format=%(refname)%00%(upstream:short)%00%(objectname)%00%(upstream:track)%00%(upstream:remotename)%00%(upstream:remoteref) refs/remotes/origin/main [14ms]
2024-09-21 18:37:51.750 [info] > git rev-parse --show-toplevel [9ms]
2024-09-21 18:37:51.756 [info] > git config --local branch.lab02_s3_final_complete.vscode-merge-base origin/main [8ms]
2024-09-21 18:37:51.763 [info] > git status -z -uall [31ms] (cancelled)
2024-09-21 18:37:51.763 [info] > git rev-parse --show-toplevel [8ms]
2024-09-21 18:37:51.768 [info] > git config --get commit.template [7ms]
2024-09-21 18:37:51.768 [info] > git rev-parse --show-toplevel [3ms]
2024-09-21 18:37:51.771 [info] [Model][doInitialScan] Initial repository scan completed - repositories (1), closed repositories (0), parent repositories (0), unsafe repositories (0)
2024-09-21 18:37:51.773 [info] > git for-each-ref --format=%(refname)%00%(upstream:short)%00%(objectname)%00%(upstream:track)%00%(upstream:remotename)%00%(upstream:remoteref) refs/heads/lab02_s3_final_complete refs/remotes/lab02_s3_final_complete [6ms]
2024-09-21 18:37:51.788 [info] > git status -z -uall [14ms]
2024-09-21 18:37:51.822 [info] > git for-each-ref --format=%(refname)%00%(upstream:short)%00%(objectname)%00%(upstream:track)%00%(upstream:remotename)%00%(upstream:remoteref) refs/heads/lab02_s3_final_complete refs/remotes/lab02_s3_final_complete [26ms]
2024-09-21 18:37:51.824 [info] > git config --local branch.lab02_s3_final_complete.vscode-merge-base [1ms]
2024-09-21 18:37:51.827 [info] > git for-each-ref --format=%(refname)%00%(upstream:short)%00%(objectname)%00%(upstream:track)%00%(upstream:remotename)%00%(upstream:remoteref) refs/heads/origin/main refs/remotes/origin/main [1ms]
2024-09-21 18:37:54.270 [info] > git config --get commit.template [3ms]
2024-09-21 18:37:54.272 [info] > git for-each-ref --format=%(refname)%00%(upstream:short)%00%(objectname)%00%(upstream:track)%00%(upstream:remotename)%00%(upstream:remoteref) refs/heads/lab02_s3_final_complete refs/remotes/lab02_s3_final_complete [3ms]
2024-09-21 18:37:54.286 [info] > git status -z -uall [13ms]
2024-09-21 18:37:54.309 [info] > git for-each-ref --format=%(refname)%00%(upstream:short)%00%(objectname)%00%(upstream:track)%00%(upstream:remotename)%00%(upstream:remoteref) refs/heads/lab02_s3_final_complete refs/remotes/lab02_s3_final_complete [16ms]
2024-09-21 18:37:54.315 [info] > git config --local branch.lab02_s3_final_complete.vscode-merge-base [3ms]
2024-09-21 18:37:54.317 [info] > git for-each-ref --format=%(refname)%00%(upstream:short)%00%(objectname)%00%(upstream:track)%00%(upstream:remotename)%00%(upstream:remoteref) refs/heads/origin/main refs/remotes/origin/main [1ms]
2024-09-21 18:37:56.860 [info] > git show --textconv :.bash_history [3ms]
2024-09-21 18:37:56.862 [info] > git ls-files --stage -- /home/ec2-user/.bash_history [2ms]
2024-09-21 18:37:59.314 [info] > git config --get commit.template [3ms]
2024-09-21 18:37:59.315 [info] > git for-each-ref --format=%(refname)%00%(upstream:short)%00%(objectname)%00%(upstream:track)%00%(upstream:remotename)%00%(upstream:remoteref) refs/heads/lab02_s3_final_complete refs/remotes/lab02_s3_final_complete [2ms]
2024-09-21 18:37:59.328 [info] > git status -z -uall [11ms]
2024-09-21 18:37:59.355 [info] > git for-each-ref --format=%(refname)%00%(upstream:short)%00%(objectname)%00%(upstream:track)%00%(upstream:remotename)%00%(upstream:remoteref) refs/heads/lab02_s3_final_complete refs/remotes/lab02_s3_final_complete [20ms]
2024-09-21 18:37:59.357 [info] > git config --local branch.lab02_s3_final_complete.vscode-merge-base [1ms]
2024-09-21 18:37:59.361 [info] > git for-each-ref --format=%(refname)%00%(upstream:short)%00%(objectname)%00%(upstream:track)%00%(upstream:remotename)%00%(upstream:remoteref) refs/heads/origin/main refs/remotes/origin/main [2ms]
2024-09-21 18:38:04.360 [info] > git config --get commit.template [3ms]
2024-09-21 18:38:04.361 [info] > git for-each-ref --format=%(refname)%00%(upstream:short)%00%(objectname)%00%(upstream:track)%00%(upstream:remotename)%00%(upstream:remoteref) refs/heads/lab02_s3_final_complete refs/remotes/lab02_s3_final_complete [2ms]
2024-09-21 18:38:04.371 [info] > git status -z -uall [9ms]
2024-09-21 18:38:04.392 [info] > git for-each-ref --format=%(refname)%00%(upstream:short)%00%(objectname)%00%(upstream:track)%00%(upstream:remotename)%00%(upstream:remoteref) refs/heads/lab02_s3_final_complete refs/remotes/lab02_s3_final_complete [15ms]
2024-09-21 18:38:04.395 [info] > git config --local branch.lab02_s3_final_complete.vscode-merge-base [1ms]
2024-09-21 18:38:04.398 [info] > git for-each-ref --format=%(refname)%00%(upstream:short)%00%(objectname)%00%(upstream:track)%00%(upstream:remotename)%00%(upstream:remoteref) refs/heads/origin/main refs/remotes/origin/main [1ms]
2024-09-21 18:38:09.396 [info] > git config --get commit.template [3ms]
2024-09-21 18:38:09.397 [info] > git for-each-ref --format=%(refname)%00%(upstream:short)%00%(objectname)%00%(upstream:track)%00%(upstream:remotename)%00%(upstream:remoteref) refs/heads/lab02_s3_final_complete refs/remotes/lab02_s3_final_complete [1ms]
2024-09-21 18:38:09.409 [info] > git status -z -uall [10ms]
2024-09-21 18:38:09.431 [info] > git for-each-ref --format=%(refname)%00%(upstream:short)%00%(objectname)%00%(upstream:track)%00%(upstream:remotename)%00%(upstream:remoteref) refs/heads/lab02_s3_final_complete refs/remotes/lab02_s3_final_complete [18ms]
2024-09-21 18:38:09.434 [info] > git config --local branch.lab02_s3_final_complete.vscode-merge-base [2ms]
2024-09-21 18:38:09.436 [info] > git for-each-ref --format=%(refname)%00%(upstream:short)%00%(objectname)%00%(upstream:track)%00%(upstream:remotename)%00%(upstream:remoteref) refs/heads/origin/main refs/remotes/origin/main [1ms]
2024-09-21 18:38:11.485 [info] > git show --textconv :keys.py [3ms]
2024-09-21 18:38:11.487 [info] > git ls-files --stage -- /home/ec2-user/keys.py [2ms]
2024-09-21 18:38:14.434 [info] > git config --get commit.template [2ms]
2024-09-21 18:38:14.436 [info] > git for-each-ref --format=%(refname)%00%(upstream:short)%00%(objectname)%00%(upstream:track)%00%(upstream:remotename)%00%(upstream:remoteref) refs/heads/lab02_s3_final_complete refs/remotes/lab02_s3_final_complete [2ms]
2024-09-21 18:38:14.448 [info] > git status -z -uall [11ms]
2024-09-21 18:38:14.508 [info] > git for-each-ref --format=%(refname)%00%(upstream:short)%00%(objectname)%00%(upstream:track)%00%(upstream:remotename)%00%(upstream:remoteref) refs/heads/lab02_s3_final_complete refs/remotes/lab02_s3_final_complete [52ms]
2024-09-21 18:38:14.536 [info] > git config --local branch.lab02_s3_final_complete.vscode-merge-base [26ms]
2024-09-21 18:38:14.542 [info] > git for-each-ref --format=%(refname)%00%(upstream:short)%00%(objectname)%00%(upstream:track)%00%(upstream:remotename)%00%(upstream:remoteref) refs/heads/origin/main refs/remotes/origin/main [4ms]
2024-09-21 18:38:19.485 [info] > git config --get commit.template [4ms]
2024-09-21 18:38:19.489 [info] > git for-each-ref --format=%(refname)%00%(upstream:short)%00%(objectname)%00%(upstream:track)%00%(upstream:remotename)%00%(upstream:remoteref) refs/heads/lab02_s3_final_complete refs/remotes/lab02_s3_final_complete [6ms]
2024-09-21 18:38:19.539 [info] > git status -z -uall [47ms]
2024-09-21 18:38:19.667 [info] > git for-each-ref --format=%(refname)%00%(upstream:short)%00%(objectname)%00%(upstream:track)%00%(upstream:remotename)%00%(upstream:remoteref) refs/heads/lab02_s3_final_complete refs/remotes/lab02_s3_final_complete [107ms]
2024-09-21 18:38:20.152 [info] > git config --local branch.lab02_s3_final_complete.vscode-merge-base [473ms]
2024-09-21 18:38:20.207 [info] > git for-each-ref --format=%(refname)%00%(upstream:short)%00%(objectname)%00%(upstream:track)%00%(upstream:remotename)%00%(upstream:remoteref) refs/heads/origin/main refs/remotes/origin/main [28ms]
2024-09-21 18:38:24.569 [info] > git check-ignore -v -z --stdin [3ms]
2024-09-21 18:38:28.264 [info] > git show --textconv :keys.py [8ms]
2024-09-21 18:38:28.270 [info] > git ls-files --stage -- /home/ec2-user/keys.py [10ms]
2024-09-21 18:38:35.717 [info] > git config --get commit.template [11ms]
2024-09-21 18:38:35.725 [info] > git for-each-ref --format=%(refname)%00%(upstream:short)%00%(objectname)%00%(upstream:track)%00%(upstream:remotename)%00%(upstream:remoteref) refs/heads/lab02_s3_final_complete refs/remotes/lab02_s3_final_complete [4ms]
2024-09-21 18:38:35.796 [info] > git status -z -uall [70ms] (cancelled)
2024-09-21 18:38:52.070 [info] > git for-each-ref --format=%(refname)%00%(upstream:short)%00%(objectname)%00%(upstream:track)%00%(upstream:remotename)%00%(upstream:remoteref) refs/heads/lab02_s3_final_complete refs/remotes/lab02_s3_final_complete [1269ms]
2024-09-21 18:38:52.149 [info] > git config --local branch.lab02_s3_final_complete.vscode-merge-base [39ms]
2024-09-21 18:38:52.201 [info] > git for-each-ref --format=%(refname)%00%(upstream:short)%00%(objectname)%00%(upstream:track)%00%(upstream:remotename)%00%(upstream:remoteref) refs/heads/origin/main refs/remotes/origin/main [5ms]
2024-09-21 18:38:53.691 [info] > git ls-files --stage -- /home/ec2-user/server.py [9ms]
2024-09-21 18:38:53.698 [info] > git show --textconv :server.py [20ms]
2024-09-21 18:38:53.705 [info] > git cat-file -s 73e216f998c333023f5e5f251320d41e55385ec4 [7ms]
2024-09-21 18:39:59.478 [info] > git check-ignore -v -z --stdin [3ms]
2024-09-21 18:40:00.556 [info] > git show --textconv :routes/route.py [4ms]
2024-09-21 18:40:00.558 [info] > git ls-files --stage -- /home/ec2-user/routes/route.py [4ms]
2024-09-21 18:40:51.903 [info] > git fetch [143ms]
2024-09-21 18:40:51.910 [info] > git config --get commit.template [4ms]
2024-09-21 18:40:51.912 [info] > git for-each-ref --format=%(refname)%00%(upstream:short)%00%(objectname)%00%(upstream:track)%00%(upstream:remotename)%00%(upstream:remoteref) refs/heads/lab02_s3_final_complete refs/remotes/lab02_s3_final_complete [2ms]
2024-09-21 18:40:53.299 [info] > git status -z -uall [1386ms] (cancelled)
2024-09-21 18:40:53.299 [info] > git for-each-ref --format=%(refname)%00%(upstream:short)%00%(objectname)%00%(upstream:track)%00%(upstream:remotename)%00%(upstream:remoteref) refs/heads/lab02_s3_final_complete refs/remotes/lab02_s3_final_complete [1119ms]
2024-09-21 18:40:53.307 [info] > git config --local branch.lab02_s3_final_complete.vscode-merge-base [4ms]
2024-09-21 18:40:53.310 [info] > git for-each-ref --format=%(refname)%00%(upstream:short)%00%(objectname)%00%(upstream:track)%00%(upstream:remotename)%00%(upstream:remoteref) refs/heads/origin/main refs/remotes/origin/main [1ms]
2024-09-21 18:40:53.416 [info] > git ls-files --stage -- /home/ec2-user/routes/route.py [3ms]
2024-09-21 18:40:53.522 [info] > git show --textconv :routes/route.py [1ms]
2024-09-21 18:43:52.565 [info] > git fetch [148ms]
2024-09-21 18:43:52.570 [info] > git config --get commit.template [2ms]
2024-09-21 18:43:52.573 [info] > git for-each-ref --format=%(refname)%00%(upstream:short)%00%(objectname)%00%(upstream:track)%00%(upstream:remotename)%00%(upstream:remoteref) refs/heads/lab02_s3_final_complete refs/remotes/lab02_s3_final_complete [3ms]
2024-09-21 18:43:53.718 [info] > git status -z -uall [1144ms] (cancelled)
2024-09-21 18:43:53.718 [info] > git for-each-ref --format=%(refname)%00%(upstream:short)%00%(objectname)%00%(upstream:track)%00%(upstream:remotename)%00%(upstream:remoteref) refs/heads/lab02_s3_final_complete refs/remotes/lab02_s3_final_complete [1040ms]
2024-09-21 18:43:53.725 [info] > git config --local branch.lab02_s3_final_complete.vscode-merge-base [3ms]
2024-09-21 18:43:53.729 [info] > git for-each-ref --format=%(refname)%00%(upstream:short)%00%(objectname)%00%(upstream:track)%00%(upstream:remotename)%00%(upstream:remoteref) refs/heads/origin/main refs/remotes/origin/main [3ms]
2024-09-21 18:43:54.908 [info] > git ls-files --stage -- /home/ec2-user/routes/route.py [2ms]
2024-09-21 18:43:55.049 [info] > git show --textconv :routes/route.py [4ms]
2024-09-21 18:44:03.479 [info] > git check-ignore -v -z --stdin [5ms]
2024-09-21 18:44:06.973 [info] > git show --textconv :templates/update.html [5ms]
2024-09-21 18:44:06.980 [info] > git ls-files --stage -- /home/ec2-user/templates/update.html [9ms]
2024-09-21 18:44:16.733 [info] > git ls-files --stage -- /home/ec2-user/templates/register.html [26ms]
2024-09-21 18:44:16.737 [info] > git show --textconv :templates/register.html [34ms]
2024-09-21 18:44:16.739 [info] > git cat-file -s 2e0b539a8be0dc664e113faf35aa6aae8197dc68 [3ms]
2024-09-21 18:44:19.438 [info] > git show --textconv :templates/update.html [5ms]
2024-09-21 18:44:19.440 [info] > git ls-files --stage -- /home/ec2-user/templates/update.html [4ms]
2024-09-21 18:44:21.230 [info] > git show --textconv :templates/register.html [3ms]
2024-09-21 18:44:21.234 [info] > git ls-files --stage -- /home/ec2-user/templates/register.html [4ms]
2024-09-21 18:44:21.238 [info] > git cat-file -s 2e0b539a8be0dc664e113faf35aa6aae8197dc68 [1ms]
2024-09-21 18:44:22.869 [info] > git show --textconv :templates/home.html [6ms]
2024-09-21 18:44:22.872 [info] > git ls-files --stage -- /home/ec2-user/templates/home.html [6ms]
2024-09-21 18:44:31.059 [info] > git show --textconv :templates/delete.html [5ms]
2024-09-21 18:44:31.061 [info] > git ls-files --stage -- /home/ec2-user/templates/delete.html [3ms]
2024-09-21 18:44:34.234 [info] > git show --textconv :templates/consult.html [8ms]
2024-09-21 18:44:34.263 [info] > git ls-files --stage -- /home/ec2-user/templates/consult.html [30ms]
2024-09-21 18:44:41.495 [info] > git show --textconv :templates/delete.html [15ms]
2024-09-21 18:44:41.497 [info] > git ls-files --stage -- /home/ec2-user/templates/delete.html [10ms]
2024-09-21 18:44:44.437 [info] > git show --textconv :templates/consult.html [6ms]
2024-09-21 18:44:44.439 [info] > git ls-files --stage -- /home/ec2-user/templates/consult.html [3ms]
2024-09-21 18:44:54.720 [info] > git show --textconv :templates/delete.html [5ms]
2024-09-21 18:44:54.723 [info] > git ls-files --stage -- /home/ec2-user/templates/delete.html [5ms]
2024-09-21 18:44:56.943 [info] > git show --textconv :templates/update.html [3ms]
2024-09-21 18:44:56.945 [info] > git ls-files --stage -- /home/ec2-user/templates/update.html [2ms]
2024-09-21 18:45:01.876 [info] > git show --textconv :templates/consult.html [3ms]
2024-09-21 18:45:01.878 [info] > git ls-files --stage -- /home/ec2-user/templates/consult.html [3ms]
2024-09-21 18:45:07.045 [info] > git show --textconv :templates/delete.html [4ms]
2024-09-21 18:45:07.047 [info] > git ls-files --stage -- /home/ec2-user/templates/delete.html [4ms]
2024-09-21 18:45:11.201 [info] > git show --textconv :templates/home.html [4ms]
2024-09-21 18:45:11.203 [info] > git ls-files --stage -- /home/ec2-user/templates/home.html [3ms]
2024-09-21 18:45:12.567 [info] > git show --textconv :templates/register.html [4ms]
2024-09-21 18:45:12.569 [info] > git ls-files --stage -- /home/ec2-user/templates/register.html [3ms]
2024-09-21 18:45:12.573 [info] > git cat-file -s 2e0b539a8be0dc664e113faf35aa6aae8197dc68 [2ms]
2024-09-21 18:45:17.913 [info] > git show --textconv :templates/update.html [4ms]
2024-09-21 18:45:17.914 [info] > git ls-files --stage -- /home/ec2-user/templates/update.html [3ms]
2024-09-21 18:45:24.528 [info] > git show --textconv :templates/consult.html [4ms]
2024-09-21 18:45:24.530 [info] > git ls-files --stage -- /home/ec2-user/templates/consult.html [4ms]
2024-09-21 18:46:52.962 [info] > git fetch [171ms]
2024-09-21 18:46:52.969 [info] > git config --get commit.template [2ms]
2024-09-21 18:46:52.972 [info] > git for-each-ref --format=%(refname)%00%(upstream:short)%00%(objectname)%00%(upstream:track)%00%(upstream:remotename)%00%(upstream:remoteref) refs/heads/lab02_s3_final_complete refs/remotes/lab02_s3_final_complete [3ms]
2024-09-21 18:46:54.463 [info] > git status -z -uall [1489ms] (cancelled)
2024-09-21 18:46:54.466 [info] > git for-each-ref --format=%(refname)%00%(upstream:short)%00%(objectname)%00%(upstream:track)%00%(upstream:remotename)%00%(upstream:remoteref) refs/heads/lab02_s3_final_complete refs/remotes/lab02_s3_final_complete [1027ms]
2024-09-21 18:46:54.480 [info] > git config --local branch.lab02_s3_final_complete.vscode-merge-base [10ms]
2024-09-21 18:46:54.488 [info] > git for-each-ref --format=%(refname)%00%(upstream:short)%00%(objectname)%00%(upstream:track)%00%(upstream:remotename)%00%(upstream:remoteref) refs/heads/origin/main refs/remotes/origin/main [7ms]
2024-09-21 19:03:31.717 [info] > git ls-files --stage -- /home/ec2-user/templates/consult.html [4ms]
2024-09-21 19:03:31.758 [info] > git fetch [148ms]
2024-09-21 19:03:31.763 [info] > git config --get commit.template [3ms]
2024-09-21 19:03:31.764 [info] > git for-each-ref --format=%(refname)%00%(upstream:short)%00%(objectname)%00%(upstream:track)%00%(upstream:remotename)%00%(upstream:remoteref) refs/heads/lab02_s3_final_complete refs/remotes/lab02_s3_final_complete [2ms]
2024-09-21 19:03:31.857 [info] > git show --textconv :templates/consult.html [3ms]
2024-09-21 19:03:33.158 [info] > git status -z -uall [1382ms] (cancelled)
2024-09-21 19:03:33.161 [info] > git for-each-ref --format=%(refname)%00%(upstream:short)%00%(objectname)%00%(upstream:track)%00%(upstream:remotename)%00%(upstream:remoteref) refs/heads/lab02_s3_final_complete refs/remotes/lab02_s3_final_complete [775ms]
2024-09-21 19:03:33.167 [info] > git config --local branch.lab02_s3_final_complete.vscode-merge-base [4ms]
2024-09-21 19:03:33.170 [info] > git for-each-ref --format=%(refname)%00%(upstream:short)%00%(objectname)%00%(upstream:track)%00%(upstream:remotename)%00%(upstream:remoteref) refs/heads/origin/main refs/remotes/origin/main [2ms]
2024-09-21 19:03:33.269 [info] > git ls-files --stage -- /home/ec2-user/templates/consult.html [4ms]
2024-09-21 19:03:33.408 [info] > git show --textconv :templates/consult.html [3ms]
2024-09-21 19:03:57.807 [info] > git ls-files --stage -- /home/ec2-user/templates/delete.html [39ms]
2024-09-21 19:03:57.810 [info] > git show --textconv :templates/delete.html [45ms]
2024-09-21 19:04:02.588 [info] > git show --textconv :routes/route.py [6ms]
2024-09-21 19:04:02.590 [info] > git ls-files --stage -- /home/ec2-user/routes/route.py [5ms]
