2024-09-21 18:37:47.814 [info] Extension host with pid 5055 started
2024-09-21 18:37:47.825 [info] Lock '/home/ec2-user/.vscode-server/data/User/workspaceStorage/2f8b211588b11f58d053eef58a1edacd/vscode.lock': Lock acquired.
2024-09-21 18:37:48.141 [info] Eager extensions activated
2024-09-21 18:37:50.594 [info] ExtensionService#_doActivateExtension vscode.debug-auto-launch, startup: false, activationEvent: 'onStartupFinished'
2024-09-21 18:37:50.595 [info] ExtensionService#_doActivateExtension vscode.git-base, startup: false, activationEvent: '*', root cause: vscode.git
2024-09-21 18:37:50.596 [info] ExtensionService#_doActivateExtension vscode.merge-conflict, startup: false, activationEvent: 'onStartupFinished'
2024-09-21 18:37:50.621 [info] ExtensionService#_doActivateExtension vscode.configuration-editing, startup: false, activationEvent: 'onLanguage:jsonc'
2024-09-21 18:37:50.622 [info] ExtensionService#_doActivateExtension vscode.json-language-features, startup: false, activationEvent: 'onLanguage:jsonc'
2024-09-21 18:37:50.622 [info] ExtensionService#_doActivateExtension vscode.typescript-language-features, startup: false, activationEvent: 'onLanguage:jsonc'
2024-09-21 18:37:50.622 [info] ExtensionService#_doActivateExtension vscode.emmet, startup: false, activationEvent: 'onLanguage'
2024-09-21 18:37:50.786 [info] ExtensionService#_doActivateExtension vscode.git, startup: false, activationEvent: '*'
2024-09-21 18:37:50.787 [info] ExtensionService#_doActivateExtension vscode.github, startup: false, activationEvent: '*'
2024-09-21 18:37:51.449 [warning] [Decorations] CAPPING events from decorations provider vscode.git 1366
2024-09-21 18:37:51.814 [warning] [Decorations] CAPPING events from decorations provider vscode.git 1367
2024-09-21 18:37:54.302 [warning] [Decorations] CAPPING events from decorations provider vscode.git 1368
2024-09-21 18:37:59.350 [warning] [Decorations] CAPPING events from decorations provider vscode.git 1368
2024-09-21 18:38:04.386 [warning] [Decorations] CAPPING events from decorations provider vscode.git 1368
2024-09-21 18:38:05.068 [info] ExtensionService#_doActivateExtension vscode.npm, startup: false, activationEvent: 'onTerminalQuickFixRequest:ms-vscode.npm-command'
2024-09-21 18:38:09.424 [warning] [Decorations] CAPPING events from decorations provider vscode.git 1368
2024-09-21 18:38:10.793 [info] ExtensionService#_doActivateExtension vscode.extension-editing, startup: false, activationEvent: 'onLanguage:json'
2024-09-21 18:38:14.467 [warning] [Decorations] CAPPING events from decorations provider vscode.git 1368
2024-09-21 18:38:19.590 [warning] [Decorations] CAPPING events from decorations provider vscode.git 1374
2024-09-21 18:38:34.347 [info] ExtensionService#_doActivateExtension ms-python.python, startup: false, activationEvent: 'onLanguage:python', root cause: ms-python.debugpy
2024-09-21 18:38:35.084 [info] ExtensionService#_doActivateExtension ms-python.debugpy, startup: false, activationEvent: 'onLanguage:python'
2024-09-21 18:38:35.086 [info] ExtensionService#_doActivateExtension ms-python.vscode-pylance, startup: false, activationEvent: 'onLanguage:python'
2024-09-21 18:38:50.902 [warning] [Decorations] CAPPING events from decorations provider vscode.git 10020
2024-09-21 18:40:52.285 [warning] [Decorations] CAPPING events from decorations provider vscode.git 10045
2024-09-21 18:43:52.758 [warning] [Decorations] CAPPING events from decorations provider vscode.git 10002
2024-09-21 18:44:06.572 [info] ExtensionService#_doActivateExtension vscode.html-language-features, startup: false, activationEvent: 'onLanguage:html'
2024-09-21 18:46:53.514 [warning] [Decorations] CAPPING events from decorations provider vscode.git 10001
2024-09-21 19:03:32.446 [warning] [Decorations] CAPPING events from decorations provider vscode.git 10000
